<?xml version="1.0" encoding="UTF-8"?>
<!-- Generated by org.testng.reporters.JUnitReportReporter -->
<testsuite hostname="II01-58THVF2" name="org.jug.algeria.controller.HomeControllerIntegrationTests" tests="1" failures="0" timestamp="5 Apr 2017 04:40:18 GMT" time="0.041" errors="0">
  <testcase name="shouldAdd_AppUser_ToDb" time="0.041" classname="org.jug.algeria.controller.HomeControllerIntegrationTests"/>
</testsuite> <!-- org.jug.algeria.controller.HomeControllerIntegrationTests -->
